2019-08-16 20:17:23:803  [TID      10904][INFO    ] Default Logger initialized [dmvcframework]
2019-08-16 20:17:23:803  [TID      10904][INFO    ] Server started on port 8080 [dmvcframework]
2019-08-16 20:17:23:825  [TID      10904][INFO    ] Server started on port 8080 [dmvcframework]
2019-08-16 20:17:49:621  [TID      14576][INFO    ] ENTER: Config default values [dmvcframework]
2019-08-16 20:17:49:621  [TID      14576][INFO    ] EXIT: Config default values [dmvcframework]
2019-08-16 20:17:49:621  [TID      14576][INFO    ] ENTER: LoadSystemControllers [dmvcframework]
2019-08-16 20:17:49:621  [TID      14576][INFO    ] EXIT: LoadSystemControllers [dmvcframework]
2019-08-16 20:17:49:655  [TID      14576][ERROR   ] [EAccessViolation] Access violation at address 00409970 in module 'PizzariaBackend.exe'. Read of address 4F08C67F (Custom message: "Global Action Exception Handler") [dmvcframework]
2019-08-16 20:18:54:505  [TID      13392][INFO    ] GET:/consultaPedido/100 -> UPizzariaControllerImpl.TPizzariaBackendController - 404 Not Found [dmvcframework]
2019-08-16 20:33:08:537  [TID      10884][INFO    ] Default Logger initialized [dmvcframework]
2019-08-16 20:33:08:537  [TID      10884][INFO    ] Server started on port 8080 [dmvcframework]
2019-08-16 20:33:08:560  [TID      10884][INFO    ] Server started on port 8080 [dmvcframework]
2019-08-16 20:33:31:955  [TID       3716][INFO    ] ENTER: Config default values [dmvcframework]
2019-08-16 20:33:31:955  [TID       3716][INFO    ] EXIT: Config default values [dmvcframework]
2019-08-16 20:33:31:955  [TID       3716][INFO    ] ENTER: LoadSystemControllers [dmvcframework]
2019-08-16 20:33:31:955  [TID       3716][INFO    ] EXIT: LoadSystemControllers [dmvcframework]
2019-08-16 20:33:32:004  [TID       3716][INFO    ] POST:/efetuarPedido -> UPizzariaControllerImpl.TPizzariaBackendController - 200 OK [dmvcframework]
2019-08-16 20:33:40:340  [TID      10752][INFO    ] GET:/consultaPedido/1 -> UPizzariaControllerImpl.TPizzariaBackendController - 404 Not Found [dmvcframework]
2019-08-16 20:35:23:502  [TID       1736][INFO    ] Default Logger initialized [dmvcframework]
2019-08-16 20:35:23:502  [TID       1736][INFO    ] Server started on port 8080 [dmvcframework]
2019-08-16 20:35:23:522  [TID       1736][INFO    ] Server started on port 8080 [dmvcframework]
2019-08-16 20:35:33:935  [TID      10844][INFO    ] ENTER: Config default values [dmvcframework]
2019-08-16 20:35:33:935  [TID      10844][INFO    ] EXIT: Config default values [dmvcframework]
2019-08-16 20:35:33:935  [TID      10844][INFO    ] ENTER: LoadSystemControllers [dmvcframework]
2019-08-16 20:35:33:935  [TID      10844][INFO    ] EXIT: LoadSystemControllers [dmvcframework]
2019-08-16 20:35:33:951  [TID      10844][INFO    ] GET:/consultaPedido/1 -> UPizzariaControllerImpl.TPizzariaBackendController - 404 Not Found [dmvcframework]
2019-08-16 20:35:41:080  [TID      13260][INFO    ] GET:/consultaPedido/4 -> UPizzariaControllerImpl.TPizzariaBackendController - 404 Not Found [dmvcframework]
2019-08-16 20:35:45:930  [TID       2148][INFO    ] GET:/consultaPedido/100 -> UPizzariaControllerImpl.TPizzariaBackendController - 404 Not Found [dmvcframework]
2019-08-16 20:35:56:379  [TID      12172][INFO    ] POST:/efetuarPedido -> UPizzariaControllerImpl.TPizzariaBackendController - 200 OK [dmvcframework]
2019-08-16 20:35:59:583  [TID       2600][INFO    ] GET:/consultaPedido/2 -> UPizzariaControllerImpl.TPizzariaBackendController - 404 Not Found [dmvcframework]
2019-08-16 20:36:01:746  [TID      13564][INFO    ] POST:/efetuarPedido -> UPizzariaControllerImpl.TPizzariaBackendController - 200 OK [dmvcframework]
2019-08-16 20:36:54:227  [TID       3056][INFO    ] GET:/consultaPedido/2 -> UPizzariaControllerImpl.TPizzariaBackendController - 404 Not Found [dmvcframework]
2019-08-16 20:36:58:705  [TID       9680][INFO    ] GET:/consultaPedido/1 -> UPizzariaControllerImpl.TPizzariaBackendController - 404 Not Found [dmvcframework]
2019-08-16 20:37:09:038  [TID       2232][INFO    ] POST:/efetuarPedido -> UPizzariaControllerImpl.TPizzariaBackendController - 200 OK [dmvcframework]
2019-08-16 20:37:18:603  [TID       7076][INFO    ] GET:/consultaPedido/100 -> UPizzariaControllerImpl.TPizzariaBackendController - 404 Not Found [dmvcframework]
2019-08-16 20:46:40:795  [TID       6592][INFO    ] Default Logger initialized [dmvcframework]
2019-08-16 20:46:40:795  [TID       6592][INFO    ] Server started on port 8080 [dmvcframework]
2019-08-16 20:46:40:814  [TID       6592][INFO    ] Server started on port 8080 [dmvcframework]
2019-08-16 20:47:17:274  [TID      13604][INFO    ] ENTER: Config default values [dmvcframework]
2019-08-16 20:47:17:274  [TID      13604][INFO    ] EXIT: Config default values [dmvcframework]
2019-08-16 20:47:17:274  [TID      13604][INFO    ] ENTER: LoadSystemControllers [dmvcframework]
2019-08-16 20:47:17:274  [TID      13604][INFO    ] EXIT: LoadSystemControllers [dmvcframework]
2019-08-16 20:47:17:301  [TID      13604][INFO    ] GET:/consultaPedido/6 -> UPizzariaControllerImpl.TPizzariaBackendController - 404 Not Found [dmvcframework]
2019-08-16 20:48:06:962  [TID      11160][INFO    ] Default Logger initialized [dmvcframework]
2019-08-16 20:48:06:984  [TID      11160][INFO    ] Server started on port 8080 [dmvcframework]
2019-08-16 20:48:07:079  [TID      11160][INFO    ] Server started on port 8080 [dmvcframework]
2019-08-16 20:48:17:837  [TID      11924][INFO    ] ENTER: Config default values [dmvcframework]
2019-08-16 20:48:17:837  [TID      11924][INFO    ] EXIT: Config default values [dmvcframework]
2019-08-16 20:48:17:837  [TID      11924][INFO    ] ENTER: LoadSystemControllers [dmvcframework]
2019-08-16 20:48:17:837  [TID      11924][INFO    ] EXIT: LoadSystemControllers [dmvcframework]
2019-08-16 20:48:30:711  [TID      11924][INFO    ] GET:/consultaPedido/6 -> UPizzariaControllerImpl.TPizzariaBackendController - 404 Not Found [dmvcframework]
2019-08-16 20:53:35:936  [TID        848][INFO    ] Default Logger initialized [dmvcframework]
2019-08-16 20:53:35:961  [TID        848][INFO    ] Server started on port 8080 [dmvcframework]
2019-08-16 20:53:36:056  [TID        848][INFO    ] Server started on port 8080 [dmvcframework]
2019-08-16 20:53:42:561  [TID      14864][INFO    ] ENTER: Config default values [dmvcframework]
2019-08-16 20:53:42:561  [TID      14864][INFO    ] EXIT: Config default values [dmvcframework]
2019-08-16 20:53:42:562  [TID      14864][INFO    ] ENTER: LoadSystemControllers [dmvcframework]
2019-08-16 20:53:42:562  [TID      14864][INFO    ] EXIT: LoadSystemControllers [dmvcframework]
2019-08-16 20:53:47:969  [TID      14864][INFO    ] GET:/consultaPedido/6 -> UPizzariaControllerImpl.TPizzariaBackendController - 404 Not Found [dmvcframework]
2019-08-16 20:54:11:068  [TID       6592][INFO    ] Default Logger initialized [dmvcframework]
2019-08-16 20:54:11:090  [TID       6592][INFO    ] Server started on port 8080 [dmvcframework]
2019-08-16 20:54:11:187  [TID       6592][INFO    ] Server started on port 8080 [dmvcframework]
2019-08-16 20:54:14:342  [TID       4140][INFO    ] ENTER: Config default values [dmvcframework]
2019-08-16 20:54:14:342  [TID       4140][INFO    ] EXIT: Config default values [dmvcframework]
2019-08-16 20:54:14:342  [TID       4140][INFO    ] ENTER: LoadSystemControllers [dmvcframework]
2019-08-16 20:54:14:342  [TID       4140][INFO    ] EXIT: LoadSystemControllers [dmvcframework]
2019-08-16 20:54:25:761  [TID       4140][INFO    ] GET:/consultaPedido/6 -> UPizzariaControllerImpl.TPizzariaBackendController - 404 Not Found [dmvcframework]
2019-08-16 20:55:56:780  [TID       2204][INFO    ] Default Logger initialized [dmvcframework]
2019-08-16 20:55:56:780  [TID       2204][INFO    ] Server started on port 8080 [dmvcframework]
2019-08-16 20:55:56:799  [TID       2204][INFO    ] Server started on port 8080 [dmvcframework]
2019-08-16 20:56:01:118  [TID      15028][INFO    ] ENTER: Config default values [dmvcframework]
2019-08-16 20:56:01:118  [TID      15028][INFO    ] EXIT: Config default values [dmvcframework]
2019-08-16 20:56:01:118  [TID      15028][INFO    ] ENTER: LoadSystemControllers [dmvcframework]
2019-08-16 20:56:01:118  [TID      15028][INFO    ] EXIT: LoadSystemControllers [dmvcframework]
2019-08-16 20:56:01:137  [TID      15028][INFO    ] GET:/consultaPedido/6 -> UPizzariaControllerImpl.TPizzariaBackendController - 404 Not Found [dmvcframework]
2019-08-16 20:56:04:029  [TID       7076][INFO    ] GET:/consultaPedido/6 -> UPizzariaControllerImpl.TPizzariaBackendController - 404 Not Found [dmvcframework]
2019-08-16 20:56:11:500  [TID       6324][INFO    ] Default Logger initialized [dmvcframework]
2019-08-16 20:56:11:522  [TID       6324][INFO    ] Server started on port 8080 [dmvcframework]
2019-08-16 20:56:11:619  [TID       6324][INFO    ] Server started on port 8080 [dmvcframework]
2019-08-16 20:56:18:559  [TID       3648][INFO    ] ENTER: Config default values [dmvcframework]
2019-08-16 20:56:18:559  [TID       3648][INFO    ] EXIT: Config default values [dmvcframework]
2019-08-16 20:56:18:559  [TID       3648][INFO    ] ENTER: LoadSystemControllers [dmvcframework]
2019-08-16 20:56:18:559  [TID       3648][INFO    ] EXIT: LoadSystemControllers [dmvcframework]
2019-08-16 20:56:30:546  [TID       3648][INFO    ] GET:/consultaPedido/6 -> UPizzariaControllerImpl.TPizzariaBackendController - 404 Not Found [dmvcframework]
2019-08-16 20:56:50:390  [TID       9716][INFO    ] Default Logger initialized [dmvcframework]
2019-08-16 20:56:50:390  [TID       9716][INFO    ] Server started on port 8080 [dmvcframework]
2019-08-16 20:56:50:414  [TID       9716][INFO    ] Server started on port 8080 [dmvcframework]
2019-08-16 20:56:53:215  [TID       3536][INFO    ] ENTER: Config default values [dmvcframework]
2019-08-16 20:56:53:215  [TID       3536][INFO    ] EXIT: Config default values [dmvcframework]
2019-08-16 20:56:53:215  [TID       3536][INFO    ] ENTER: LoadSystemControllers [dmvcframework]
2019-08-16 20:56:53:215  [TID       3536][INFO    ] EXIT: LoadSystemControllers [dmvcframework]
2019-08-16 20:56:53:238  [TID       3536][INFO    ] GET:/consultaPedido/6 -> UPizzariaControllerImpl.TPizzariaBackendController - 200 OK [dmvcframework]
2019-08-16 20:58:54:039  [TID       1840][INFO    ] Default Logger initialized [dmvcframework]
2019-08-16 20:58:54:039  [TID       1840][INFO    ] Server started on port 8080 [dmvcframework]
2019-08-16 20:58:54:061  [TID       1840][INFO    ] Server started on port 8080 [dmvcframework]
2019-08-16 20:59:12:459  [TID      14612][INFO    ] ENTER: Config default values [dmvcframework]
2019-08-16 20:59:12:460  [TID      14612][INFO    ] EXIT: Config default values [dmvcframework]
2019-08-16 20:59:12:460  [TID      14612][INFO    ] ENTER: LoadSystemControllers [dmvcframework]
2019-08-16 20:59:12:460  [TID      14612][INFO    ] EXIT: LoadSystemControllers [dmvcframework]
2019-08-16 20:59:12:475  [TID      14612][INFO    ] GET:/consultaPedido/1 -> UPizzariaControllerImpl.TPizzariaBackendController - 200 OK [dmvcframework]
2019-08-16 20:59:16:520  [TID       2372][INFO    ] GET:/consultaPedido/3 -> UPizzariaControllerImpl.TPizzariaBackendController - 404 Not Found [dmvcframework]
2019-08-16 20:59:25:385  [TID       8152][INFO    ] POST:/efetuarPedido -> UPizzariaControllerImpl.TPizzariaBackendController - 200 OK [dmvcframework]
2019-08-16 20:59:27:231  [TID       2228][INFO    ] GET:/consultaPedido/3 -> UPizzariaControllerImpl.TPizzariaBackendController - 200 OK [dmvcframework]
2019-08-16 20:59:33:488  [TID       8600][INFO    ] GET:/consultaPedido/30 -> UPizzariaControllerImpl.TPizzariaBackendController - 404 Not Found [dmvcframework]
2019-08-16 21:07:41:008  [TID       8560][INFO    ] Default Logger initialized [dmvcframework]
2019-08-16 21:07:41:008  [TID       8560][INFO    ] Server started on port 8080 [dmvcframework]
2019-08-16 21:07:41:029  [TID       8560][INFO    ] Server started on port 8080 [dmvcframework]
2019-08-16 21:08:02:600  [TID      10144][INFO    ] ENTER: Config default values [dmvcframework]
2019-08-16 21:08:02:600  [TID      10144][INFO    ] EXIT: Config default values [dmvcframework]
2019-08-16 21:08:02:600  [TID      10144][INFO    ] ENTER: LoadSystemControllers [dmvcframework]
2019-08-16 21:08:02:600  [TID      10144][INFO    ] EXIT: LoadSystemControllers [dmvcframework]
2019-08-16 21:08:02:654  [TID      10144][INFO    ] POST:/efetuarPedido -> UPizzariaControllerImpl.TPizzariaBackendController - 200 OK [dmvcframework]
2019-08-16 21:08:04:223  [TID       5080][INFO    ] GET:/consultaPedido/4 -> UPizzariaControllerImpl.TPizzariaBackendController - 200 OK [dmvcframework]
2019-08-16 21:08:07:789  [TID      15284][INFO    ] GET:/consultaPedido/3 -> UPizzariaControllerImpl.TPizzariaBackendController - 200 OK [dmvcframework]
2019-08-16 21:08:10:749  [TID      15068][INFO    ] GET:/consultaPedido/2 -> UPizzariaControllerImpl.TPizzariaBackendController - 200 OK [dmvcframework]
2019-08-16 21:08:14:036  [TID      12904][INFO    ] GET:/consultaPedido/1 -> UPizzariaControllerImpl.TPizzariaBackendController - 200 OK [dmvcframework]
2019-08-16 21:45:47:914  [TID      10648][INFO    ] Default Logger initialized [dmvcframework]
2019-08-16 21:45:47:914  [TID      10648][INFO    ] Server started on port 8080 [dmvcframework]
2019-08-16 21:45:47:935  [TID      10648][INFO    ] Server started on port 8080 [dmvcframework]
2019-08-16 21:45:57:477  [TID       1352][INFO    ] ENTER: Config default values [dmvcframework]
2019-08-16 21:45:57:477  [TID       1352][INFO    ] EXIT: Config default values [dmvcframework]
2019-08-16 21:45:57:477  [TID       1352][INFO    ] ENTER: LoadSystemControllers [dmvcframework]
2019-08-16 21:45:57:477  [TID       1352][INFO    ] EXIT: LoadSystemControllers [dmvcframework]
2019-08-16 21:45:57:493  [TID       1352][INFO    ] GET:/consultaPedido/1 -> UPizzariaControllerImpl.TPizzariaBackendController - 200 OK [dmvcframework]
2019-08-16 21:49:32:623  [TID      12172][INFO    ] GET:/consultaPedido/1 -> UPizzariaControllerImpl.TPizzariaBackendController - 200 OK [dmvcframework]
2019-08-16 21:51:59:006  [TID      10596][INFO    ] GET:/consultaPedido/1 -> UPizzariaControllerImpl.TPizzariaBackendController - 200 OK [dmvcframework]
